<?xml version="1.0" encoding="UTF-8"?>
<robot generator="Robot 3.1.2 (Python 3.7.4 on win32)"
	generated="20190925 18:01:25.857" rpa="false">
	<suite id="s1" name="DemoProject"
		source="C:\Users\Administrator\eclipse-workspace\DemoProject">
		<suite id="s1-s1" name="Test"
			source="C:\Users\Administrator\eclipse-workspace\DemoProject\Test">
			<suite id="s1-s1-s1" name="LoginPageTest"
				source="C:\Users\Administrator\eclipse-workspace\DemoProject\Test\LoginPageTest.robot">
				<test id="s1-s1-s1-t1" name="CorrectLoginTest">
					<kw name="Test Initialize" type="setup">
						<kw name="Open Browser" library="SeleniumLibrary">
							<doc>Opens a new browser instance to the given ``url``.</doc>
							<arguments>
								<arg>about:blank</arg>
								<arg>chrome</arg>
							</arguments>
							<msg timestamp="20190925 18:01:26.185" level="INFO">Opening browser
								'chrome' to base url 'about:blank'.</msg>
							<status status="PASS" starttime="20190925 18:01:26.185"
								endtime="20190925 18:01:31.293"></status>
						</kw>
						<kw name="Maximize Browser Window" library="SeleniumLibrary">
							<doc>Maximizes current browser window.</doc>
							<status status="PASS" starttime="20190925 18:01:31.294"
								endtime="20190925 18:01:35.410"></status>
						</kw>
						<kw name="Set Browser Implicit Wait" library="SeleniumLibrary">
							<doc>Sets the implicit wait value used by Selenium.</doc>
							<arguments>
								<arg>3</arg>
							</arguments>
							<status status="PASS" starttime="20190925 18:01:35.410"
								endtime="20190925 18:01:35.412"></status>
						</kw>
						<status status="PASS" starttime="20190925 18:01:26.184"
							endtime="20190925 18:01:35.413"></status>
					</kw>
					<kw name="Go to Login Page">
						<kw name="Go To" library="SeleniumLibrary">
							<doc>Navigates the active browser instance to the provided
								``url``.</doc>
							<arguments>
								<arg>${LOGIN-URL}</arg>
							</arguments>
							<msg timestamp="20190925 18:01:35.414" level="INFO">Opening url
								'http://localhost:8383/DemoLogin/index.html'</msg>
							<status status="PASS" starttime="20190925 18:01:35.413"
								endtime="20190925 18:01:35.619"></status>
						</kw>
						<status status="PASS" starttime="20190925 18:01:35.413"
							endtime="20190925 18:01:35.620"></status>
					</kw>
					<kw name="Correct Login Keywords">
						<kw name="Input Text" library="SeleniumLibrary">
							<doc>Types the given ``text`` into text field identified by
								``locator``.</doc>
							<arguments>
								<arg>id=kullaniciAdi</arg>
								<arg>&amp;{LOGINDATA}[username]</arg>
							</arguments>
							<msg timestamp="20190925 18:01:35.622" level="INFO">Typing text
								'admin' into text field 'id=kullaniciAdi'.</msg>
							<status status="PASS" starttime="20190925 18:01:35.621"
								endtime="20190925 18:01:35.723"></status>
						</kw>
						<kw name="Input Password" library="SeleniumLibrary">
							<doc>Types the given password into text field identified by
								``locator``.</doc>
							<arguments>
								<arg>id=parola</arg>
								<arg>&amp;{LOGINDATA}[password]</arg>
							</arguments>
							<msg timestamp="20190925 18:01:35.724" level="INFO">Typing password
								into text field 'id=parola'.</msg>
							<status status="PASS" starttime="20190925 18:01:35.723"
								endtime="20190925 18:01:35.810"></status>
						</kw>
						<kw name="Click Button" library="SeleniumLibrary">
							<doc>Clicks button identified by ``locator``.</doc>
							<arguments>
								<arg>id=btnGirisYap</arg>
							</arguments>
							<msg timestamp="20190925 18:01:35.811" level="INFO">Clicking button
								'id=btnGirisYap'.</msg>
							<status status="PASS" starttime="20190925 18:01:35.810"
								endtime="20190925 18:01:36.474"></status>
						</kw>
						<status status="PASS" starttime="20190925 18:01:35.620"
							endtime="20190925 18:01:36.475"></status>
					</kw>
					<kw name="Log" library="BuiltIn">
						<doc>Logs the given message with the given level.</doc>
						<arguments>
							<arg>${TEST NAME} başarıyla tamamlandı...</arg>
						</arguments>
						<msg timestamp="20190925 18:01:36.477" level="INFO">CorrectLoginTest
							başarıyla tamamlandı...</msg>
						<status status="PASS" starttime="20190925 18:01:36.476"
							endtime="20190925 18:01:36.477"></status>
					</kw>
					<kw name="Log" library="BuiltIn">
						<doc>Logs the given message with the given level.</doc>
						<arguments>
							<arg>Test %{os} üzerinde çalıştırıldı...</arg>
						</arguments>
						<msg timestamp="20190925 18:01:36.478" level="INFO">Test Windows_NT
							üzerinde çalıştırıldı...</msg>
						<status status="PASS" starttime="20190925 18:01:36.478"
							endtime="20190925 18:01:36.478"></status>
					</kw>
					<kw name="Test Close" type="teardown">
						<kw name="Close All Browsers" library="SeleniumLibrary">
							<doc>Closes all open browsers and resets the browser cache.</doc>
							<status status="PASS" starttime="20190925 18:01:36.480"
								endtime="20190925 18:01:38.581"></status>
						</kw>
						<status status="PASS" starttime="20190925 18:01:36.479"
							endtime="20190925 18:01:38.581"></status>
					</kw>
					<doc>Başarılı Oturum Açma Senaryosu</doc>
					<tags>
						<tag>Regresyon Testing</tag>
					</tags>
					<status status="PASS" starttime="20190925 18:01:26.183"
						endtime="20190925 18:01:38.582" critical="yes"></status>
				</test>
				<status status="PASS" starttime="20190925 18:01:25.931"
					endtime="20190925 18:01:38.583"></status>
			</suite>
			<status status="PASS" starttime="20190925 18:01:25.929"
				endtime="20190925 18:01:38.585"></status>
		</suite>
		<status status="PASS" starttime="20190925 18:01:25.900"
			endtime="20190925 18:01:38.587"></status>
	</suite>
	<statistics>
		<total>
			<stat pass="1" fail="0">Critical Tests</stat>
			<stat pass="1" fail="0">All Tests</stat>
		</total>
		<tag>
			<stat pass="1" fail="0">Regresyon Testing</stat>
		</tag>
		<suite>
			<stat pass="1" fail="0" id="s1" name="DemoProject">DemoProject</stat>
			<stat pass="1" fail="0" id="s1-s1" name="Test">DemoProject.Test</stat>
			<stat pass="1" fail="0" id="s1-s1-s1" name="LoginPageTest">DemoProject.Test.LoginPageTest</stat>
		</suite>
	</statistics>
	<errors>
	</errors>
</robot>
