<?xml version="1.0" encoding="UTF-8"?>
<robot generator="Robot 3.1.2 (Python 3.7.4 on win32)" generated="20190829 10:14:25.927" rpa="false">
<suite id="s1" name="LoginPageTest" source="C:\Users\Administrator\eclipse-workspace\FirstMyRobotProject\Test\LoginPageTest.robot">
<test id="s1-t1" name="CorrectLoginTest">
<kw name="Open Browser" library="SeleniumLibrary">
<doc>Opens a new browser instance to the given ``url``.</doc>
<arguments>
<arg>${URL}</arg>
<arg>chrome</arg>
</arguments>
<msg timestamp="20190829 10:14:26.221" level="INFO">Opening browser 'chrome' to base url 'http://localhost:8383/DemoLogin/index.html'.</msg>
<status status="PASS" starttime="20190829 10:14:26.221" endtime="20190829 10:14:31.533"></status>
</kw>
<kw name="Set Browser Implicit Wait" library="SeleniumLibrary">
<doc>Sets the implicit wait value used by Selenium.</doc>
<arguments>
<arg>5</arg>
</arguments>
<status status="PASS" starttime="20190829 10:14:31.534" endtime="20190829 10:14:31.536"></status>
</kw>
<kw name="LoginPageKeywords">
<kw name="Input Text" library="SeleniumLibrary">
<doc>Types the given ``text`` into text field identified by ``locator``.</doc>
<arguments>
<arg>id=kullaniciAdi</arg>
<arg>@{CREDENTIALS}[0]</arg>
</arguments>
<msg timestamp="20190829 10:14:31.538" level="INFO">Typing text 'admin' into text field 'id=kullaniciAdi'.</msg>
<status status="PASS" starttime="20190829 10:14:31.537" endtime="20190829 10:14:31.636"></status>
</kw>
<kw name="Input Password" library="SeleniumLibrary">
<doc>Types the given password into text field identified by ``locator``.</doc>
<arguments>
<arg>id=parola</arg>
<arg>&amp;{LOGINDATA}[password]</arg>
</arguments>
<msg timestamp="20190829 10:14:31.637" level="INFO">Typing password into text field 'id=parola'.</msg>
<status status="PASS" starttime="20190829 10:14:31.637" endtime="20190829 10:14:31.721"></status>
</kw>
<kw name="Click Button" library="SeleniumLibrary">
<doc>Clicks button identified by ``locator``.</doc>
<arguments>
<arg>id=btnGirisYap</arg>
</arguments>
<msg timestamp="20190829 10:14:31.721" level="INFO">Clicking button 'id=btnGirisYap'.</msg>
<status status="PASS" starttime="20190829 10:14:31.721" endtime="20190829 10:14:33.495"></status>
</kw>
<status status="PASS" starttime="20190829 10:14:31.537" endtime="20190829 10:14:33.495"></status>
</kw>
<kw name="Close Browser" library="SeleniumLibrary">
<doc>Closes the current browser.</doc>
<status status="PASS" starttime="20190829 10:14:33.497" endtime="20190829 10:14:35.584"></status>
</kw>
<kw name="Log" library="BuiltIn">
<doc>Logs the given message with the given level.</doc>
<arguments>
<arg>${TEST NAME} başarıyla tamamlandı...</arg>
</arguments>
<msg timestamp="20190829 10:14:35.585" level="INFO">CorrectLoginTest başarıyla tamamlandı...</msg>
<status status="PASS" starttime="20190829 10:14:35.585" endtime="20190829 10:14:35.585"></status>
</kw>
<kw name="Log" library="BuiltIn">
<doc>Logs the given message with the given level.</doc>
<arguments>
<arg>Test %{os} üzerinde çalıştırıldı...</arg>
</arguments>
<msg timestamp="20190829 10:14:35.586" level="INFO">Test Windows_NT üzerinde çalıştırıldı...</msg>
<status status="PASS" starttime="20190829 10:14:35.586" endtime="20190829 10:14:35.586"></status>
</kw>
<doc>Başarılı Oturum Açma Senaryosu</doc>
<tags>
<tag>Regresyon Testing</tag>
</tags>
<status status="PASS" starttime="20190829 10:14:26.220" endtime="20190829 10:14:35.587" critical="yes"></status>
</test>
<status status="PASS" starttime="20190829 10:14:25.929" endtime="20190829 10:14:35.588"></status>
</suite>
<statistics>
<total>
<stat pass="1" fail="0">Critical Tests</stat>
<stat pass="1" fail="0">All Tests</stat>
</total>
<tag>
<stat pass="1" fail="0">Regresyon Testing</stat>
</tag>
<suite>
<stat pass="1" fail="0" id="s1" name="LoginPageTest">LoginPageTest</stat>
</suite>
</statistics>
<errors>
</errors>
</robot>
